WARNING - 2024-04-15 06:37:08 --> [DEPRECATED] Creation of dynamic property App\Controllers\Home::$CompanyModel is deprecated in APPPATH\Controllers\Home.php on line 18.
 1 SYSTEMPATH\CodeIgniter.php(913): App\Controllers\Home->__construct()
 2 SYSTEMPATH\CodeIgniter.php(493): CodeIgniter\CodeIgniter->createController()
 3 SYSTEMPATH\CodeIgniter.php(361): CodeIgniter\CodeIgniter->handleRequest(null, Object(Config\Cache), false)
 4 FCPATH\index.php(79): CodeIgniter\CodeIgniter->run()
WARNING - 2024-04-15 06:37:15 --> [DEPRECATED] Creation of dynamic property App\Controllers\Home::$CompanyModel is deprecated in APPPATH\Controllers\Home.php on line 18.
 1 SYSTEMPATH\CodeIgniter.php(913): App\Controllers\Home->__construct()
 2 SYSTEMPATH\CodeIgniter.php(493): CodeIgniter\CodeIgniter->createController()
 3 SYSTEMPATH\CodeIgniter.php(361): CodeIgniter\CodeIgniter->handleRequest(null, Object(Config\Cache), false)
 4 FCPATH\index.php(79): CodeIgniter\CodeIgniter->run()
WARNING - 2024-04-15 06:37:23 --> [DEPRECATED] Creation of dynamic property App\Controllers\Home::$CompanyModel is deprecated in APPPATH\Controllers\Home.php on line 18.
 1 SYSTEMPATH\CodeIgniter.php(913): App\Controllers\Home->__construct()
 2 SYSTEMPATH\CodeIgniter.php(493): CodeIgniter\CodeIgniter->createController()
 3 SYSTEMPATH\CodeIgniter.php(361): CodeIgniter\CodeIgniter->handleRequest(null, Object(Config\Cache), false)
 4 FCPATH\index.php(79): CodeIgniter\CodeIgniter->run()
WARNING - 2024-04-15 06:37:23 --> [DEPRECATED] Creation of dynamic property App\Controllers\Home::$CompanyModel is deprecated in APPPATH\Controllers\Home.php on line 18.
 1 SYSTEMPATH\CodeIgniter.php(913): App\Controllers\Home->__construct()
 2 SYSTEMPATH\CodeIgniter.php(493): CodeIgniter\CodeIgniter->createController()
 3 SYSTEMPATH\CodeIgniter.php(361): CodeIgniter\CodeIgniter->handleRequest(null, Object(Config\Cache), false)
 4 FCPATH\index.php(79): CodeIgniter\CodeIgniter->run()
WARNING - 2024-04-15 06:37:26 --> [DEPRECATED] Creation of dynamic property App\Controllers\Home::$CompanyModel is deprecated in APPPATH\Controllers\Home.php on line 18.
 1 SYSTEMPATH\CodeIgniter.php(913): App\Controllers\Home->__construct()
 2 SYSTEMPATH\CodeIgniter.php(493): CodeIgniter\CodeIgniter->createController()
 3 SYSTEMPATH\CodeIgniter.php(361): CodeIgniter\CodeIgniter->handleRequest(null, Object(Config\Cache), false)
 4 FCPATH\index.php(79): CodeIgniter\CodeIgniter->run()
WARNING - 2024-04-15 07:09:18 --> [DEPRECATED] Creation of dynamic property App\Controllers\Home::$CompanyModel is deprecated in APPPATH\Controllers\Home.php on line 18.
 1 SYSTEMPATH\CodeIgniter.php(913): App\Controllers\Home->__construct()
 2 SYSTEMPATH\CodeIgniter.php(493): CodeIgniter\CodeIgniter->createController()
 3 SYSTEMPATH\CodeIgniter.php(361): CodeIgniter\CodeIgniter->handleRequest(null, Object(Config\Cache), false)
 4 FCPATH\index.php(79): CodeIgniter\CodeIgniter->run()
<<<<<<< HEAD
WARNING - 2024-04-15 07:14:52 --> [DEPRECATED] Creation of dynamic property App\Controllers\Home::$CompanyModel is deprecated in APPPATH\Controllers\Home.php on line 18.
=======
WARNING - 2024-04-15 06:01:59 --> [DEPRECATED] Creation of dynamic property App\Controllers\Home::$CompanyModel is deprecated in APPPATH\Controllers\Home.php on line 18.
>>>>>>> f6bbd6a1c8bc9b17d116ed9e7bcbc692cf538c6d
 1 SYSTEMPATH\CodeIgniter.php(913): App\Controllers\Home->__construct()
 2 SYSTEMPATH\CodeIgniter.php(493): CodeIgniter\CodeIgniter->createController()
 3 SYSTEMPATH\CodeIgniter.php(361): CodeIgniter\CodeIgniter->handleRequest(null, Object(Config\Cache), false)
 4 FCPATH\index.php(79): CodeIgniter\CodeIgniter->run()
<<<<<<< HEAD
WARNING - 2024-04-15 07:19:26 --> [DEPRECATED] Creation of dynamic property App\Controllers\Home::$CompanyModel is deprecated in APPPATH\Controllers\Home.php on line 18.
 1 SYSTEMPATH\CodeIgniter.php(913): App\Controllers\Home->__construct()
 2 SYSTEMPATH\CodeIgniter.php(493): CodeIgniter\CodeIgniter->createController()
 3 SYSTEMPATH\CodeIgniter.php(361): CodeIgniter\CodeIgniter->handleRequest(null, Object(Config\Cache), false)
 4 FCPATH\index.php(79): CodeIgniter\CodeIgniter->run()
WARNING - 2024-04-15 07:33:41 --> [DEPRECATED] Creation of dynamic property App\Controllers\Home::$CompanyModel is deprecated in APPPATH\Controllers\Home.php on line 18.
 1 SYSTEMPATH\CodeIgniter.php(913): App\Controllers\Home->__construct()
 2 SYSTEMPATH\CodeIgniter.php(493): CodeIgniter\CodeIgniter->createController()
 3 SYSTEMPATH\CodeIgniter.php(361): CodeIgniter\CodeIgniter->handleRequest(null, Object(Config\Cache), false)
 4 FCPATH\index.php(79): CodeIgniter\CodeIgniter->run()
WARNING - 2024-04-15 07:33:43 --> [DEPRECATED] Creation of dynamic property App\Controllers\Home::$CompanyModel is deprecated in APPPATH\Controllers\Home.php on line 18.
 1 SYSTEMPATH\CodeIgniter.php(913): App\Controllers\Home->__construct()
 2 SYSTEMPATH\CodeIgniter.php(493): CodeIgniter\CodeIgniter->createController()
 3 SYSTEMPATH\CodeIgniter.php(361): CodeIgniter\CodeIgniter->handleRequest(null, Object(Config\Cache), false)
 4 FCPATH\index.php(79): CodeIgniter\CodeIgniter->run()
WARNING - 2024-04-15 07:33:47 --> [DEPRECATED] Creation of dynamic property App\Controllers\Home::$CompanyModel is deprecated in APPPATH\Controllers\Home.php on line 18.
 1 SYSTEMPATH\CodeIgniter.php(913): App\Controllers\Home->__construct()
 2 SYSTEMPATH\CodeIgniter.php(493): CodeIgniter\CodeIgniter->createController()
 3 SYSTEMPATH\CodeIgniter.php(361): CodeIgniter\CodeIgniter->handleRequest(null, Object(Config\Cache), false)
 4 FCPATH\index.php(79): CodeIgniter\CodeIgniter->run()
CRITICAL - 2024-04-15 07:33:47 --> ErrorException: Undefined variable $clientId
in APPPATH\Views\edit_client.php on line 53.
 1 APPPATH\Views\edit_client.php(53): CodeIgniter\Debug\Exceptions->errorHandler(2, 'Undefined variable $clientId', 'C:\\wamp64\\www\\CI4-ADMIN\\app\\Views\\edit_client.php', 53)
 2 SYSTEMPATH\View\View.php(228): include('C:\\wamp64\\www\\CI4-ADMIN\\app\\Views\\edit_client.php')
 3 SYSTEMPATH\View\View.php(231): CodeIgniter\View\View->CodeIgniter\View\{closure}()
 4 SYSTEMPATH\Common.php(1178): CodeIgniter\View\View->render('edit_client', [], true)
 5 APPPATH\Controllers\Home.php(234): view('edit_client', [...])
 6 SYSTEMPATH\CodeIgniter.php(941): App\Controllers\Home->edit_client('2')
 7 SYSTEMPATH\CodeIgniter.php(502): CodeIgniter\CodeIgniter->runController(Object(App\Controllers\Home))
 8 SYSTEMPATH\CodeIgniter.php(361): CodeIgniter\CodeIgniter->handleRequest(null, Object(Config\Cache), false)
 9 FCPATH\index.php(79): CodeIgniter\CodeIgniter->run()
=======
>>>>>>> f6bbd6a1c8bc9b17d116ed9e7bcbc692cf538c6d
WARNING - 2024-04-15 07:44:19 --> [DEPRECATED] Creation of dynamic property App\Controllers\Home::$CompanyModel is deprecated in APPPATH\Controllers\Home.php on line 18.
 1 SYSTEMPATH\CodeIgniter.php(913): App\Controllers\Home->__construct()
 2 SYSTEMPATH\CodeIgniter.php(493): CodeIgniter\CodeIgniter->createController()
 3 SYSTEMPATH\CodeIgniter.php(361): CodeIgniter\CodeIgniter->handleRequest(null, Object(Config\Cache), false)
 4 FCPATH\index.php(79): CodeIgniter\CodeIgniter->run()
WARNING - 2024-04-15 06:34:22 --> [DEPRECATED] Creation of dynamic property App\Controllers\Home::$CompanyModel is deprecated in APPPATH\Controllers\Home.php on line 18.
 1 SYSTEMPATH\CodeIgniter.php(913): App\Controllers\Home->__construct()
 2 SYSTEMPATH\CodeIgniter.php(493): CodeIgniter\CodeIgniter->createController()
 3 SYSTEMPATH\CodeIgniter.php(361): CodeIgniter\CodeIgniter->handleRequest(null, Object(Config\Cache), false)
 4 FCPATH\index.php(79): CodeIgniter\CodeIgniter->run()
WARNING - 2024-04-15 06:34:32 --> [DEPRECATED] Creation of dynamic property App\Controllers\Home::$CompanyModel is deprecated in APPPATH\Controllers\Home.php on line 18.
 1 SYSTEMPATH\CodeIgniter.php(913): App\Controllers\Home->__construct()
 2 SYSTEMPATH\CodeIgniter.php(493): CodeIgniter\CodeIgniter->createController()
 3 SYSTEMPATH\CodeIgniter.php(361): CodeIgniter\CodeIgniter->handleRequest(null, Object(Config\Cache), false)
 4 FCPATH\index.php(79): CodeIgniter\CodeIgniter->run()
WARNING - 2024-04-15 06:34:38 --> [DEPRECATED] Creation of dynamic property App\Controllers\Home::$CompanyModel is deprecated in APPPATH\Controllers\Home.php on line 18.
 1 SYSTEMPATH\CodeIgniter.php(913): App\Controllers\Home->__construct()
 2 SYSTEMPATH\CodeIgniter.php(493): CodeIgniter\CodeIgniter->createController()
 3 SYSTEMPATH\CodeIgniter.php(361): CodeIgniter\CodeIgniter->handleRequest(null, Object(Config\Cache), false)
 4 FCPATH\index.php(79): CodeIgniter\CodeIgniter->run()
WARNING - 2024-04-15 06:34:42 --> [DEPRECATED] Creation of dynamic property App\Controllers\Home::$CompanyModel is deprecated in APPPATH\Controllers\Home.php on line 18.
 1 SYSTEMPATH\CodeIgniter.php(913): App\Controllers\Home->__construct()
 2 SYSTEMPATH\CodeIgniter.php(493): CodeIgniter\CodeIgniter->createController()
 3 SYSTEMPATH\CodeIgniter.php(361): CodeIgniter\CodeIgniter->handleRequest(null, Object(Config\Cache), false)
 4 FCPATH\index.php(79): CodeIgniter\CodeIgniter->run()
INFO - 2024-04-15 06:34:42 --> Session: Class initialized using 'CodeIgniter\Session\Handlers\FileHandler' driver.
WARNING - 2024-04-15 06:35:46 --> [DEPRECATED] Creation of dynamic property App\Controllers\Home::$CompanyModel is deprecated in APPPATH\Controllers\Home.php on line 18.
 1 SYSTEMPATH\CodeIgniter.php(913): App\Controllers\Home->__construct()
 2 SYSTEMPATH\CodeIgniter.php(493): CodeIgniter\CodeIgniter->createController()
 3 SYSTEMPATH\CodeIgniter.php(361): CodeIgniter\CodeIgniter->handleRequest(null, Object(Config\Cache), false)
 4 FCPATH\index.php(79): CodeIgniter\CodeIgniter->run()
WARNING - 2024-04-15 06:35:46 --> [DEPRECATED] Creation of dynamic property App\Controllers\Home::$CompanyModel is deprecated in APPPATH\Controllers\Home.php on line 18.
 1 SYSTEMPATH\CodeIgniter.php(913): App\Controllers\Home->__construct()
 2 SYSTEMPATH\CodeIgniter.php(493): CodeIgniter\CodeIgniter->createController()
 3 SYSTEMPATH\CodeIgniter.php(361): CodeIgniter\CodeIgniter->handleRequest(null, Object(Config\Cache), false)
 4 FCPATH\index.php(79): CodeIgniter\CodeIgniter->run()
WARNING - 2024-04-15 06:36:07 --> [DEPRECATED] Creation of dynamic property App\Controllers\Home::$CompanyModel is deprecated in APPPATH\Controllers\Home.php on line 18.
 1 SYSTEMPATH\CodeIgniter.php(913): App\Controllers\Home->__construct()
 2 SYSTEMPATH\CodeIgniter.php(493): CodeIgniter\CodeIgniter->createController()
 3 SYSTEMPATH\CodeIgniter.php(361): CodeIgniter\CodeIgniter->handleRequest(null, Object(Config\Cache), false)
 4 FCPATH\index.php(79): CodeIgniter\CodeIgniter->run()
INFO - 2024-04-15 06:36:07 --> Session: Class initialized using 'CodeIgniter\Session\Handlers\FileHandler' driver.
WARNING - 2024-04-15 06:36:48 --> [DEPRECATED] Creation of dynamic property App\Controllers\Home::$CompanyModel is deprecated in APPPATH\Controllers\Home.php on line 18.
 1 SYSTEMPATH\CodeIgniter.php(913): App\Controllers\Home->__construct()
 2 SYSTEMPATH\CodeIgniter.php(493): CodeIgniter\CodeIgniter->createController()
 3 SYSTEMPATH\CodeIgniter.php(361): CodeIgniter\CodeIgniter->handleRequest(null, Object(Config\Cache), false)
 4 FCPATH\index.php(79): CodeIgniter\CodeIgniter->run()
WARNING - 2024-04-15 06:36:48 --> [DEPRECATED] Creation of dynamic property App\Controllers\Home::$CompanyModel is deprecated in APPPATH\Controllers\Home.php on line 18.
 1 SYSTEMPATH\CodeIgniter.php(913): App\Controllers\Home->__construct()
 2 SYSTEMPATH\CodeIgniter.php(493): CodeIgniter\CodeIgniter->createController()
 3 SYSTEMPATH\CodeIgniter.php(361): CodeIgniter\CodeIgniter->handleRequest(null, Object(Config\Cache), false)
 4 FCPATH\index.php(79): CodeIgniter\CodeIgniter->run()
WARNING - 2024-04-15 06:37:03 --> [DEPRECATED] Creation of dynamic property App\Controllers\Home::$CompanyModel is deprecated in APPPATH\Controllers\Home.php on line 18.
 1 SYSTEMPATH\CodeIgniter.php(913): App\Controllers\Home->__construct()
 2 SYSTEMPATH\CodeIgniter.php(493): CodeIgniter\CodeIgniter->createController()
 3 SYSTEMPATH\CodeIgniter.php(361): CodeIgniter\CodeIgniter->handleRequest(null, Object(Config\Cache), false)
 4 FCPATH\index.php(79): CodeIgniter\CodeIgniter->run()
INFO - 2024-04-15 06:37:03 --> Session: Class initialized using 'CodeIgniter\Session\Handlers\FileHandler' driver.
WARNING - 2024-04-15 06:37:11 --> [DEPRECATED] Creation of dynamic property App\Controllers\Home::$CompanyModel is deprecated in APPPATH\Controllers\Home.php on line 18.
 1 SYSTEMPATH\CodeIgniter.php(913): App\Controllers\Home->__construct()
 2 SYSTEMPATH\CodeIgniter.php(493): CodeIgniter\CodeIgniter->createController()
 3 SYSTEMPATH\CodeIgniter.php(361): CodeIgniter\CodeIgniter->handleRequest(null, Object(Config\Cache), false)
 4 FCPATH\index.php(79): CodeIgniter\CodeIgniter->run()
WARNING - 2024-04-15 06:37:11 --> [DEPRECATED] Creation of dynamic property App\Controllers\Home::$CompanyModel is deprecated in APPPATH\Controllers\Home.php on line 18.
 1 SYSTEMPATH\CodeIgniter.php(913): App\Controllers\Home->__construct()
 2 SYSTEMPATH\CodeIgniter.php(493): CodeIgniter\CodeIgniter->createController()
 3 SYSTEMPATH\CodeIgniter.php(361): CodeIgniter\CodeIgniter->handleRequest(null, Object(Config\Cache), false)
 4 FCPATH\index.php(79): CodeIgniter\CodeIgniter->run()
WARNING - 2024-04-15 06:37:16 --> [DEPRECATED] Creation of dynamic property App\Controllers\Home::$CompanyModel is deprecated in APPPATH\Controllers\Home.php on line 18.
 1 SYSTEMPATH\CodeIgniter.php(913): App\Controllers\Home->__construct()
 2 SYSTEMPATH\CodeIgniter.php(493): CodeIgniter\CodeIgniter->createController()
 3 SYSTEMPATH\CodeIgniter.php(361): CodeIgniter\CodeIgniter->handleRequest(null, Object(Config\Cache), false)
 4 FCPATH\index.php(79): CodeIgniter\CodeIgniter->run()
CRITICAL - 2024-04-15 06:37:16 --> ErrorException: Undefined variable $clientId
in APPPATH\Views\edit_client.php on line 53.
 1 APPPATH\Views\edit_client.php(53): CodeIgniter\Debug\Exceptions->errorHandler(2, 'Undefined variable $clientId', 'C:\\wamp64\\www\\CI4-ADMIN\\app\\Views\\edit_client.php', 53)
 2 SYSTEMPATH\View\View.php(228): include('C:\\wamp64\\www\\CI4-ADMIN\\app\\Views\\edit_client.php')
 3 SYSTEMPATH\View\View.php(231): CodeIgniter\View\View->CodeIgniter\View\{closure}()
 4 SYSTEMPATH\Common.php(1178): CodeIgniter\View\View->render('edit_client', [], true)
 5 APPPATH\Controllers\Home.php(234): view('edit_client', [...])
 6 SYSTEMPATH\CodeIgniter.php(941): App\Controllers\Home->edit_client('1')
 7 SYSTEMPATH\CodeIgniter.php(502): CodeIgniter\CodeIgniter->runController(Object(App\Controllers\Home))
 8 SYSTEMPATH\CodeIgniter.php(361): CodeIgniter\CodeIgniter->handleRequest(null, Object(Config\Cache), false)
 9 FCPATH\index.php(79): CodeIgniter\CodeIgniter->run()
WARNING - 2024-04-15 08:25:34 --> [DEPRECATED] Creation of dynamic property App\Controllers\Home::$CompanyModel is deprecated in APPPATH\Controllers\Home.php on line 18.
 1 SYSTEMPATH\CodeIgniter.php(913): App\Controllers\Home->__construct()
 2 SYSTEMPATH\CodeIgniter.php(493): CodeIgniter\CodeIgniter->createController()
 3 SYSTEMPATH\CodeIgniter.php(361): CodeIgniter\CodeIgniter->handleRequest(null, Object(Config\Cache), false)
 4 FCPATH\index.php(79): CodeIgniter\CodeIgniter->run()
WARNING - 2024-04-15 08:25:42 --> [DEPRECATED] Creation of dynamic property App\Controllers\Home::$CompanyModel is deprecated in APPPATH\Controllers\Home.php on line 18.
 1 SYSTEMPATH\CodeIgniter.php(913): App\Controllers\Home->__construct()
 2 SYSTEMPATH\CodeIgniter.php(493): CodeIgniter\CodeIgniter->createController()
 3 SYSTEMPATH\CodeIgniter.php(361): CodeIgniter\CodeIgniter->handleRequest(null, Object(Config\Cache), false)
 4 FCPATH\index.php(79): CodeIgniter\CodeIgniter->run()
WARNING - 2024-04-15 08:25:50 --> [DEPRECATED] Creation of dynamic property App\Controllers\CompanyController::$db is deprecated in APPPATH\Controllers\CompanyController.php on line 14.
 1 SYSTEMPATH\CodeIgniter.php(913): App\Controllers\CompanyController->__construct()
 2 SYSTEMPATH\CodeIgniter.php(493): CodeIgniter\CodeIgniter->createController()
 3 SYSTEMPATH\CodeIgniter.php(361): CodeIgniter\CodeIgniter->handleRequest(null, Object(Config\Cache), false)
 4 FCPATH\index.php(79): CodeIgniter\CodeIgniter->run()
INFO - 2024-04-15 08:25:50 --> Session: Class initialized using 'CodeIgniter\Session\Handlers\FileHandler' driver.
WARNING - 2024-04-15 08:25:50 --> [DEPRECATED] Creation of dynamic property App\Controllers\Home::$CompanyModel is deprecated in APPPATH\Controllers\Home.php on line 18.
 1 SYSTEMPATH\CodeIgniter.php(913): App\Controllers\Home->__construct()
 2 SYSTEMPATH\CodeIgniter.php(493): CodeIgniter\CodeIgniter->createController()
 3 SYSTEMPATH\CodeIgniter.php(361): CodeIgniter\CodeIgniter->handleRequest(null, Object(Config\Cache), false)
 4 FCPATH\index.php(79): CodeIgniter\CodeIgniter->run()
INFO - 2024-04-15 08:25:50 --> Session: Class initialized using 'CodeIgniter\Session\Handlers\FileHandler' driver.
WARNING - 2024-04-15 08:26:25 --> [DEPRECATED] Creation of dynamic property app\Controllers\SigninController::$db is deprecated in APPPATH\Controllers\SigninController.php on line 19.
 1 SYSTEMPATH\CodeIgniter.php(913): app\Controllers\SigninController->__construct()
 2 SYSTEMPATH\CodeIgniter.php(493): CodeIgniter\CodeIgniter->createController()
 3 SYSTEMPATH\CodeIgniter.php(361): CodeIgniter\CodeIgniter->handleRequest(null, Object(Config\Cache), false)
 4 FCPATH\index.php(79): CodeIgniter\CodeIgniter->run()
INFO - 2024-04-15 08:26:25 --> Session: Class initialized using 'CodeIgniter\Session\Handlers\FileHandler' driver.
WARNING - 2024-04-15 08:26:26 --> [DEPRECATED] Creation of dynamic property App\Controllers\CompanyController::$db is deprecated in APPPATH\Controllers\CompanyController.php on line 14.
 1 SYSTEMPATH\CodeIgniter.php(913): App\Controllers\CompanyController->__construct()
 2 SYSTEMPATH\CodeIgniter.php(493): CodeIgniter\CodeIgniter->createController()
 3 SYSTEMPATH\CodeIgniter.php(361): CodeIgniter\CodeIgniter->handleRequest(null, Object(Config\Cache), false)
 4 FCPATH\index.php(79): CodeIgniter\CodeIgniter->run()
INFO - 2024-04-15 08:26:26 --> Session: Class initialized using 'CodeIgniter\Session\Handlers\FileHandler' driver.
WARNING - 2024-04-15 08:27:52 --> [DEPRECATED] Creation of dynamic property App\Controllers\CompanyController::$db is deprecated in APPPATH\Controllers\CompanyController.php on line 14.
 1 SYSTEMPATH\CodeIgniter.php(913): App\Controllers\CompanyController->__construct()
 2 SYSTEMPATH\CodeIgniter.php(493): CodeIgniter\CodeIgniter->createController()
 3 SYSTEMPATH\CodeIgniter.php(361): CodeIgniter\CodeIgniter->handleRequest(null, Object(Config\Cache), false)
 4 FCPATH\index.php(79): CodeIgniter\CodeIgniter->run()
WARNING - 2024-04-15 08:27:56 --> [DEPRECATED] Creation of dynamic property App\Controllers\CompanyController::$db is deprecated in APPPATH\Controllers\CompanyController.php on line 14.
 1 SYSTEMPATH\CodeIgniter.php(913): App\Controllers\CompanyController->__construct()
 2 SYSTEMPATH\CodeIgniter.php(493): CodeIgniter\CodeIgniter->createController()
 3 SYSTEMPATH\CodeIgniter.php(361): CodeIgniter\CodeIgniter->handleRequest(null, Object(Config\Cache), false)
 4 FCPATH\index.php(79): CodeIgniter\CodeIgniter->run()
INFO - 2024-04-15 08:27:56 --> Session: Class initialized using 'CodeIgniter\Session\Handlers\FileHandler' driver.
WARNING - 2024-04-15 08:27:56 --> [DEPRECATED] Creation of dynamic property App\Controllers\CompanyController::$db is deprecated in APPPATH\Controllers\CompanyController.php on line 14.
 1 SYSTEMPATH\CodeIgniter.php(913): App\Controllers\CompanyController->__construct()
 2 SYSTEMPATH\CodeIgniter.php(493): CodeIgniter\CodeIgniter->createController()
 3 SYSTEMPATH\CodeIgniter.php(361): CodeIgniter\CodeIgniter->handleRequest(null, Object(Config\Cache), false)
 4 FCPATH\index.php(79): CodeIgniter\CodeIgniter->run()
INFO - 2024-04-15 08:27:56 --> Session: Class initialized using 'CodeIgniter\Session\Handlers\FileHandler' driver.
WARNING - 2024-04-15 08:28:00 --> [DEPRECATED] Creation of dynamic property App\Controllers\Home::$CompanyModel is deprecated in APPPATH\Controllers\Home.php on line 18.
 1 SYSTEMPATH\CodeIgniter.php(913): App\Controllers\Home->__construct()
 2 SYSTEMPATH\CodeIgniter.php(493): CodeIgniter\CodeIgniter->createController()
 3 SYSTEMPATH\CodeIgniter.php(361): CodeIgniter\CodeIgniter->handleRequest(null, Object(Config\Cache), false)
 4 FCPATH\index.php(79): CodeIgniter\CodeIgniter->run()
INFO - 2024-04-15 08:28:00 --> Session: Class initialized using 'CodeIgniter\Session\Handlers\FileHandler' driver.
